Using pre-set license
Built from '2020.3/release' branch; Version is '2020.3.12f1 (b3b2c6512326) revision 11776710'; Using compiler version '192528614'; Build Type 'Release'
OS: 'Windows 10 Home; OS build 19043.1110; Version 2009; 64bit' Language: 'ko' Physical Memory: 7987 MB
BatchMode: 1, IsHumanControllingUs: 0, StartBugReporterOnCrash: 0, Is64bit: 1, IsPro: 0

 COMMAND LINE ARGUMENTS:
C:\Program Files\Unity\Hub\Editor\2020.3.12f1\Editor\Unity.exe
-adb2
-batchMode
-noUpm
-name
AssetImportWorker0
-projectPath
C:/Users/holyz/OneDrive/문서/GitHub/2D_PlatformGame/2D_Game
-logFile
Logs/AssetImportWorker0.log
-srvPort
14519
Successfully changed project path to: C:/Users/holyz/OneDrive/문서/GitHub/2D_PlatformGame/2D_Game
C:/Users/holyz/OneDrive/문서/GitHub/2D_PlatformGame/2D_Game
Using Asset Import Pipeline V2.
Refreshing native plugins compatible for Editor in 32.19 ms, found 3 plugins.
Preloading 0 native plugins for Editor in 0.00 ms.
Initialize engine version: 2020.3.12f1 (b3b2c6512326)
[Subsystems] Discovering subsystems at path C:/Program Files/Unity/Hub/Editor/2020.3.12f1/Editor/Data/Resources/UnitySubsystems
[Subsystems] Discovering subsystems at path C:/Users/holyz/OneDrive/문서/GitHub/2D_PlatformGame/2D_Game/Assets
GfxDevice: creating device client; threaded=0
Direct3D:
    Version:  Direct3D 11.0 [level 11.1]
    Renderer: Intel(R) Iris(R) Xe Graphics (ID=0x9a49)
    Vendor:   
    VRAM:     3993 MB
    Driver:   27.20.100.8439
Initialize mono
Mono path[0] = 'C:/Program Files/Unity/Hub/Editor/2020.3.12f1/Editor/Data/Managed'
Mono path[1] = 'C:/Program Files/Unity/Hub/Editor/2020.3.12f1/Editor/Data/MonoBleedingEdge/lib/mono/unityjit'
Mono config path = 'C:/Program Files/Unity/Hub/Editor/2020.3.12f1/Editor/Data/MonoBleedingEdge/etc'
Using monoOptions --debugger-agent=transport=dt_socket,embedding=1,server=y,suspend=n,address=127.0.0.1:56076
Begin MonoManager ReloadAssembly
Registering precompiled unity dll's ...
Register platform support module: C:/Program Files/Unity/Hub/Editor/2020.3.12f1/Editor/Data/PlaybackEngines/WindowsStandaloneSupport/UnityEditor.WindowsStandalone.Extensions.dll
Registered in 0.001169 seconds.
Native extension for WindowsStandalone target not found
Refreshing native plugins compatible for Editor in 33.90 ms, found 3 plugins.
Preloading 0 native plugins for Editor in 0.00 ms.
Mono: successfully reloaded assembly
- Completed reload, in  0.787 seconds
Platform modules already initialized, skipping
Registering precompiled user dll's ...
Registered in 0.002527 seconds.
Begin MonoManager ReloadAssembly
Native extension for WindowsStandalone target not found
Refreshing native plugins compatible for Editor in 34.46 ms, found 3 plugins.
Preloading 0 native plugins for Editor in 0.00 ms.
Mono: successfully reloaded assembly
- Completed reload, in  0.900 seconds
Platform modules already initialized, skipping
========================================================================
Worker process is ready to serve import requests
Launched and connected shader compiler UnityShaderCompiler.exe after 0.03 seconds
Refreshing native plugins compatible for Editor in 0.41 ms, found 3 plugins.
Preloading 0 native plugins for Editor in 0.00 ms.
Unloading 2228 Unused Serialized files (Serialized files now loaded: 0)
System memory in use before: 100.2 MB.
System memory in use after: 100.2 MB.

Unloading 34 unused Assets to reduce memory usage. Loaded Objects now: 2661.
Total: 2.028500 ms (FindLiveObjects: 0.139900 ms CreateObjectMapping: 0.063600 ms MarkObjects: 1.704500 ms  DeleteObjects: 0.119900 ms)

AssetImportParameters requested are different than current active one (requested -> active):
  custom:framework-win-MediaFoundation: 216162199b28c13a410421893ffa2e32 -> 
  custom:video-decoder-ogg-theora: a1e56fd34408186e4bbccfd4996cb3dc -> 
  custom:container-muxer-webm: aa71ff27fc2769a1b78a27578f13a17b -> 
  custom:container-demuxer-webm: 4f35f7cbe854078d1ac9338744f61a02 -> 
  custom:container-demuxer-ogg: 62fdf1f143b41e24485cea50d1cbac27 -> 
  custom:video-encoder-webm-vp8: eb34c28f22e8b96e1ab97ce403110664 -> 
  custom:video-decoder-webm-vp8: 9c59270c3fd7afecdb556c50c9e8de78 -> 
  custom:audio-decoder-ogg-vorbis: bf7c407c2cedff20999df2af8eb42d56 -> 
  custom:audio-encoder-webm-vorbis: bf7c407c2cedff20999df2af8eb42d56 -> 
========================================================================
Received Import Request.
  path: Assets/Animation/Idle.anim
  artifactKey: Guid(917fdc9f4da95f34e99e0676550d4272) Importer(815301076,1909f56bfc062723c751e8b465ee728b)
Start importing Assets/Animation/Idle.anim using Guid(917fdc9f4da95f34e99e0676550d4272) Importer(815301076,1909f56bfc062723c751e8b465ee728b)  -> (artifact id: '3b8334b3fed963616412c9bbe7ce5d4b') in 0.027064 seconds 
  Import took 0.029778 seconds .

========================================================================
Received Import Request.
  Time since last request: 31.424916 seconds.
  path: Assets/Animation/ControlMove.controller
  artifactKey: Guid(1087cfe20e76a5a44852961e6badb249) Importer(815301076,1909f56bfc062723c751e8b465ee728b)
Start importing Assets/Animation/ControlMove.controller using Guid(1087cfe20e76a5a44852961e6badb249) Importer(815301076,1909f56bfc062723c751e8b465ee728b)  -> (artifact id: 'c095eccad686ed8f521e342d90ab14d0') in 0.008577 seconds 
  Import took 0.012181 seconds .

========================================================================
Received Prepare
Registering precompiled user dll's ...
Registered in 0.002844 seconds.
Begin MonoManager ReloadAssembly
Native extension for WindowsStandalone target not found
Refreshing native plugins compatible for Editor in 0.37 ms, found 3 plugins.
Preloading 0 native plugins for Editor in 0.00 ms.
Mono: successfully reloaded assembly
- Completed reload, in  0.839 seconds
Platform modules already initialized, skipping
Refreshing native plugins compatible for Editor in 0.49 ms, found 3 plugins.
Preloading 0 native plugins for Editor in 0.00 ms.
Unloading 2221 Unused Serialized files (Serialized files now loaded: 0)
System memory in use before: 100.2 MB.
System memory in use after: 100.2 MB.

Unloading 22 unused Assets to reduce memory usage. Loaded Objects now: 2665.
Total: 2.324400 ms (FindLiveObjects: 0.136900 ms CreateObjectMapping: 0.052300 ms MarkObjects: 2.025300 ms  DeleteObjects: 0.108800 ms)

AssetImportParameters requested are different than current active one (requested -> active):
  custom:framework-win-MediaFoundation: 216162199b28c13a410421893ffa2e32 -> 
  custom:video-decoder-ogg-theora: a1e56fd34408186e4bbccfd4996cb3dc -> 
  custom:container-muxer-webm: aa71ff27fc2769a1b78a27578f13a17b -> 
  custom:container-demuxer-webm: 4f35f7cbe854078d1ac9338744f61a02 -> 
  custom:container-demuxer-ogg: 62fdf1f143b41e24485cea50d1cbac27 -> 
  custom:video-encoder-webm-vp8: eb34c28f22e8b96e1ab97ce403110664 -> 
  custom:video-decoder-webm-vp8: 9c59270c3fd7afecdb556c50c9e8de78 -> 
  custom:audio-decoder-ogg-vorbis: bf7c407c2cedff20999df2af8eb42d56 -> 
  custom:audio-encoder-webm-vorbis: bf7c407c2cedff20999df2af8eb42d56 -> 
========================================================================
Received Import Request.
  Time since last request: 3867.390261 seconds.
  path: Assets/Animation/adventurer-jump-00.png
  artifactKey: Guid(0da52afdb681c8d4bab90a3d7f4457be) Importer(815301076,1909f56bfc062723c751e8b465ee728b)
Start importing Assets/Animation/adventurer-jump-00.png using Guid(0da52afdb681c8d4bab90a3d7f4457be) Importer(815301076,1909f56bfc062723c751e8b465ee728b)  -> (artifact id: '6184494de7dde0354797f78653341134') in 0.080423 seconds 
  Import took 0.084889 seconds .

========================================================================
Received Import Request.
  Time since last request: 0.000295 seconds.
  path: Assets/Animation/adventurer-jump-02.png
  artifactKey: Guid(4fbf420407192c74fbc61cf415c1e76a) Importer(815301076,1909f56bfc062723c751e8b465ee728b)
Start importing Assets/Animation/adventurer-jump-02.png using Guid(4fbf420407192c74fbc61cf415c1e76a) Importer(815301076,1909f56bfc062723c751e8b465ee728b)  -> (artifact id: '85207afd84583a77d84596d4b593a929') in 0.013689 seconds 
  Import took 0.017963 seconds .

========================================================================
Received Import Request.
  Time since last request: 0.000242 seconds.
  path: Assets/Animation/adventurer-jump-03.png
  artifactKey: Guid(5bb5d2d1cf734e24a87f6673a025117a) Importer(815301076,1909f56bfc062723c751e8b465ee728b)
Start importing Assets/Animation/adventurer-jump-03.png using Guid(5bb5d2d1cf734e24a87f6673a025117a) Importer(815301076,1909f56bfc062723c751e8b465ee728b)  -> (artifact id: '5809de33764b538a10325d7bbb996298') in 0.011595 seconds 
  Import took 0.015642 seconds .

========================================================================
Received Import Request.
  Time since last request: 0.000259 seconds.
  path: Assets/Animation/adventurer-jump-01.png
  artifactKey: Guid(f39a82e75c72d464aaae15a5c30afeeb) Importer(815301076,1909f56bfc062723c751e8b465ee728b)
Start importing Assets/Animation/adventurer-jump-01.png using Guid(f39a82e75c72d464aaae15a5c30afeeb) Importer(815301076,1909f56bfc062723c751e8b465ee728b)  -> (artifact id: '85c52e6481a4acf459f27c7f793032eb') in 0.013296 seconds 
  Import took 0.017509 seconds .

========================================================================
Received Import Request.
  Time since last request: 5.679268 seconds.
  path: Assets/Animation/adventurer-jump-01 1.png
  artifactKey: Guid(c905664030b291640badedd56ec29494) Importer(815301076,1909f56bfc062723c751e8b465ee728b)
Start importing Assets/Animation/adventurer-jump-01 1.png using Guid(c905664030b291640badedd56ec29494) Importer(815301076,1909f56bfc062723c751e8b465ee728b)  -> (artifact id: '69c30de5c901c9735857ded928b3f9fa') in 0.010889 seconds 
  Import took 0.014840 seconds .

========================================================================
Received Import Request.
  Time since last request: 45.114876 seconds.
  path: Assets/Animation/adventurer-jump-00.png
  artifactKey: Guid(0da52afdb681c8d4bab90a3d7f4457be) Importer(815301076,1909f56bfc062723c751e8b465ee728b)
Start importing Assets/Animation/adventurer-jump-00.png using Guid(0da52afdb681c8d4bab90a3d7f4457be) Importer(815301076,1909f56bfc062723c751e8b465ee728b)  -> (artifact id: '97d9d9dd751b67ec655ce936c6be525a') in 0.008695 seconds 
  Import took 0.012595 seconds .

========================================================================
Received Import Request.
  Time since last request: 0.000185 seconds.
  path: Assets/Animation/adventurer-jump-02.png
  artifactKey: Guid(4fbf420407192c74fbc61cf415c1e76a) Importer(815301076,1909f56bfc062723c751e8b465ee728b)
Start importing Assets/Animation/adventurer-jump-02.png using Guid(4fbf420407192c74fbc61cf415c1e76a) Importer(815301076,1909f56bfc062723c751e8b465ee728b)  -> (artifact id: 'ad05b1d56ba34944d7a2266169900421') in 0.008833 seconds 
  Import took 0.012551 seconds .

========================================================================
Received Import Request.
  Time since last request: 0.000159 seconds.
  path: Assets/Animation/adventurer-jump-03.png
  artifactKey: Guid(5bb5d2d1cf734e24a87f6673a025117a) Importer(815301076,1909f56bfc062723c751e8b465ee728b)
Start importing Assets/Animation/adventurer-jump-03.png using Guid(5bb5d2d1cf734e24a87f6673a025117a) Importer(815301076,1909f56bfc062723c751e8b465ee728b)  -> (artifact id: '09c7a7c482f829655eb47d8c4601d786') in 0.008124 seconds 
  Import took 0.012041 seconds .

========================================================================
Received Import Request.
  Time since last request: 0.000156 seconds.
  path: Assets/Animation/adventurer-jump-01.png
  artifactKey: Guid(f39a82e75c72d464aaae15a5c30afeeb) Importer(815301076,1909f56bfc062723c751e8b465ee728b)
Start importing Assets/Animation/adventurer-jump-01.png using Guid(f39a82e75c72d464aaae15a5c30afeeb) Importer(815301076,1909f56bfc062723c751e8b465ee728b)  -> (artifact id: 'b144e97604bb0b5bf63044807249be63') in 0.010065 seconds 
  Import took 0.013637 seconds .

========================================================================
Received Import Request.
  Time since last request: 34.331438 seconds.
  path: Assets/Animation/Jump.anim
  artifactKey: Guid(3e79e2c14a40ad743a2f655640d78e8c) Importer(815301076,1909f56bfc062723c751e8b465ee728b)
Start importing Assets/Animation/Jump.anim using Guid(3e79e2c14a40ad743a2f655640d78e8c) Importer(815301076,1909f56bfc062723c751e8b465ee728b)  -> (artifact id: '5c8b1d3e4ef814637e6665d2d8066a63') in 0.007777 seconds 
  Import took 0.011231 seconds .

========================================================================
Received Import Request.
  Time since last request: 3.424901 seconds.
  path: Assets/Animation/Idle.anim
  artifactKey: Guid(917fdc9f4da95f34e99e0676550d4272) Importer(815301076,1909f56bfc062723c751e8b465ee728b)
Start importing Assets/Animation/Idle.anim using Guid(917fdc9f4da95f34e99e0676550d4272) Importer(815301076,1909f56bfc062723c751e8b465ee728b)  -> (artifact id: 'f6b76d18147ee6a959a65c5af5259d2f') in 0.002423 seconds 
  Import took 0.005543 seconds .

AssetImportWorkerClient::OnTransportError - code=2 error=End of file
